<?xml version="1.0" encoding="UTF-8"?>
<testsuite name="com.example.COVID19tracker.Covid19TrackerApplicationTests" tests="1" skipped="0" failures="0" errors="0" timestamp="2020-05-22T23:26:49" hostname="Morpheus" time="0.347">
  <properties/>
  <testcase name="contextLoads()" classname="com.example.COVID19tracker.Covid19TrackerApplicationTests" time="0.347"/>
  <system-out><![CDATA[19:26:46.344 [Test worker] DEBUG org.springframework.test.context.BootstrapUtils - Instantiating CacheAwareContextLoaderDelegate from class [org.springframework.test.context.cache.DefaultCacheAwareContextLoaderDelegate]
19:26:46.358 [Test worker] DEBUG org.springframework.test.context.BootstrapUtils - Instantiating BootstrapContext using constructor [public org.springframework.test.context.support.DefaultBootstrapContext(java.lang.Class,org.springframework.test.context.CacheAwareContextLoaderDelegate)]
19:26:46.389 [Test worker] DEBUG org.springframework.test.context.BootstrapUtils - Instantiating TestContextBootstrapper for test class [com.example.COVID19tracker.Covid19TrackerApplicationTests] from class [org.springframework.boot.test.context.SpringBootTestContextBootstrapper]
19:26:46.403 [Test worker] INFO org.springframework.boot.test.context.SpringBootTestContextBootstrapper - Neither @ContextConfiguration nor @ContextHierarchy found for test class [com.example.COVID19tracker.Covid19TrackerApplicationTests], using SpringBootContextLoader
19:26:46.407 [Test worker] DEBUG org.springframework.test.context.support.AbstractContextLoader - Did not detect default resource location for test class [com.example.COVID19tracker.Covid19TrackerApplicationTests]: class path resource [com/example/COVID19tracker/Covid19TrackerApplicationTests-context.xml] does not exist
19:26:46.408 [Test worker] DEBUG org.springframework.test.context.support.AbstractContextLoader - Did not detect default resource location for test class [com.example.COVID19tracker.Covid19TrackerApplicationTests]: class path resource [com/example/COVID19tracker/Covid19TrackerApplicationTestsContext.groovy] does not exist
19:26:46.408 [Test worker] INFO org.springframework.test.context.support.AbstractContextLoader - Could not detect default resource locations for test class [com.example.COVID19tracker.Covid19TrackerApplicationTests]: no resource found for suffixes {-context.xml, Context.groovy}.
19:26:46.409 [Test worker] INFO org.springframework.test.context.support.AnnotationConfigContextLoaderUtils - Could not detect default configuration classes for test class [com.example.COVID19tracker.Covid19TrackerApplicationTests]: Covid19TrackerApplicationTests does not declare any static, non-private, non-final, nested classes annotated with @Configuration.
19:26:46.446 [Test worker] DEBUG org.springframework.test.context.support.ActiveProfilesUtils - Could not find an 'annotation declaring class' for annotation type [org.springframework.test.context.ActiveProfiles] and class [com.example.COVID19tracker.Covid19TrackerApplicationTests]
19:26:46.520 [Test worker] DEBUG org.springframework.context.annotation.ClassPathScanningCandidateComponentProvider - Identified candidate component class: file [/home/aesop/COVID-19-tracker/build/classes/java/main/com/example/COVID19tracker/Covid19TrackerApplication.class]
19:26:46.521 [Test worker] INFO org.springframework.boot.test.context.SpringBootTestContextBootstrapper - Found @SpringBootConfiguration com.example.COVID19tracker.Covid19TrackerApplication for test class com.example.COVID19tracker.Covid19TrackerApplicationTests
19:26:46.630 [Test worker] DEBUG org.springframework.boot.test.context.SpringBootTestContextBootstrapper - @TestExecutionListeners is not present for class [com.example.COVID19tracker.Covid19TrackerApplicationTests]: using defaults.
19:26:46.631 [Test worker] INFO org.springframework.boot.test.context.SpringBootTestContextBootstrapper - Loaded default TestExecutionListener class names from location [META-INF/spring.factories]: [org.springframework.boot.test.autoconfigure.restdocs.RestDocsTestExecutionListener, org.springframework.boot.test.autoconfigure.web.client.MockRestServiceServerResetTestExecutionListener, org.springframework.boot.test.autoconfigure.web.servlet.MockMvcPrintOnlyOnFailureTestExecutionListener, org.springframework.boot.test.autoconfigure.web.servlet.WebDriverTestExecutionListener, org.springframework.boot.test.autoconfigure.webservices.client.MockWebServiceServerTestExecutionListener, org.springframework.boot.test.mock.mockito.MockitoTestExecutionListener, org.springframework.boot.test.mock.mockito.ResetMocksTestExecutionListener, org.springframework.test.context.web.ServletTestExecutionListener, org.springframework.test.context.support.DirtiesContextBeforeModesTestExecutionListener, org.springframework.test.context.support.DependencyInjectionTestExecutionListener, org.springframework.test.context.support.DirtiesContextTestExecutionListener, org.springframework.test.context.transaction.TransactionalTestExecutionListener, org.springframework.test.context.jdbc.SqlScriptsTestExecutionListener, org.springframework.test.context.event.EventPublishingTestExecutionListener]
19:26:46.643 [Test worker] DEBUG org.springframework.boot.test.context.SpringBootTestContextBootstrapper - Skipping candidate TestExecutionListener [org.springframework.test.context.transaction.TransactionalTestExecutionListener] due to a missing dependency. Specify custom listener classes or make the default listener classes and their required dependencies available. Offending class: [org/springframework/transaction/interceptor/TransactionAttributeSource]
19:26:46.644 [Test worker] DEBUG org.springframework.boot.test.context.SpringBootTestContextBootstrapper - Skipping candidate TestExecutionListener [org.springframework.test.context.jdbc.SqlScriptsTestExecutionListener] due to a missing dependency. Specify custom listener classes or make the default listener classes and their required dependencies available. Offending class: [org/springframework/transaction/interceptor/TransactionAttribute]
19:26:46.645 [Test worker] INFO org.springframework.boot.test.context.SpringBootTestContextBootstrapper - Using TestExecutionListeners: [org.springframework.test.context.web.ServletTestExecutionListener@6164a63a, org.springframework.test.context.support.DirtiesContextBeforeModesTestExecutionListener@122afe3a, org.springframework.boot.test.mock.mockito.MockitoTestExecutionListener@6327a3b6, org.springframework.boot.test.autoconfigure.SpringBootDependencyInjectionTestExecutionListener@2bb3de84, org.springframework.test.context.support.DirtiesContextTestExecutionListener@6f22f8be, org.springframework.test.context.event.EventPublishingTestExecutionListener@2a3c104e, org.springframework.boot.test.autoconfigure.restdocs.RestDocsTestExecutionListener@74583cac, org.springframework.boot.test.autoconfigure.web.client.MockRestServiceServerResetTestExecutionListener@41aa8b5d, org.springframework.boot.test.autoconfigure.web.servlet.MockMvcPrintOnlyOnFailureTestExecutionListener@39b57cde, org.springframework.boot.test.autoconfigure.web.servlet.WebDriverTestExecutionListener@73c1a5c6, org.springframework.boot.test.autoconfigure.webservices.client.MockWebServiceServerTestExecutionListener@46c95a4e, org.springframework.boot.test.mock.mockito.ResetMocksTestExecutionListener@53acc1a9]
19:26:46.649 [Test worker] DEBUG org.springframework.test.context.support.AbstractDirtiesContextTestExecutionListener - Before test class: context [DefaultTestContext@6465b5fc testClass = Covid19TrackerApplicationTests, testInstance = [null], testMethod = [null], testException = [null], mergedContextConfiguration = [WebMergedContextConfiguration@358113b4 testClass = Covid19TrackerApplicationTests, locations = '{}', classes = '{class com.example.COVID19tracker.Covid19TrackerApplication}', contextInitializerClasses = '[]', activeProfiles = '{}', propertySourceLocations = '{}', propertySourceProperties = '{org.springframework.boot.test.context.SpringBootTestContextBootstrapper=true}', contextCustomizers = set[org.springframework.boot.test.autoconfigure.properties.PropertyMappingContextCustomizer@0, org.springframework.boot.test.autoconfigure.web.servlet.WebDriverContextCustomizerFactory$Customizer@3ebabd4, org.springframework.boot.test.context.filter.ExcludeFilterContextCustomizer@22b5ec9d, org.springframework.boot.test.json.DuplicateJsonObjectContextCustomizerFactory$DuplicateJsonObjectContextCustomizer@3ca3882e, org.springframework.boot.test.mock.mockito.MockitoContextCustomizer@0, org.springframework.boot.test.web.client.TestRestTemplateContextCustomizer@11c4ad86, org.springframework.boot.test.context.SpringBootTestArgs@1], resourceBasePath = 'src/main/webapp', contextLoader = 'org.springframework.boot.test.context.SpringBootContextLoader', parent = [null]], attributes = map['org.springframework.test.context.web.ServletTestExecutionListener.activateListener' -> true]], class annotated with @DirtiesContext [false] with mode [null].
19:26:46.686 [Test worker] DEBUG org.springframework.test.context.support.TestPropertySourceUtils - Adding inlined properties to environment: {spring.jmx.enabled=false, org.springframework.boot.test.context.SpringBootTestContextBootstrapper=true}

  .   ____          _            __ _ _
 /\\ / ___'_ __ _ _(_)_ __  __ _ \ \ \ \
( ( )\___ | '_ | '_| | '_ \/ _` | \ \ \ \
 \\/  ___)| |_)| | | | | || (_| |  ) ) ) )
  '  |____| .__|_| |_|_| |_\__, | / / / /
 =========|_|==============|___/=/_/_/_/
 :: Spring Boot ::        (v2.3.0.RELEASE)

2020-05-22 19:26:47.019  INFO 22475 --- [    Test worker] c.e.C.Covid19TrackerApplicationTests     : Starting Covid19TrackerApplicationTests on Morpheus with PID 22475 (started by aesop in /home/aesop/COVID-19-tracker)
2020-05-22 19:26:47.021  INFO 22475 --- [    Test worker] c.e.C.Covid19TrackerApplicationTests     : No active profile set, falling back to default profiles: default
2020-05-22 19:26:49.268  INFO 22475 --- [    Test worker] o.s.s.concurrent.ThreadPoolTaskExecutor  : Initializing ExecutorService 'applicationTaskExecutor'
2020-05-22 19:26:49.651  INFO 22475 --- [    Test worker] o.s.s.c.ThreadPoolTaskScheduler          : Initializing ExecutorService 'taskScheduler'
2020-05-22 19:26:49.698  INFO 22475 --- [    Test worker] c.e.C.Covid19TrackerApplicationTests     : Started Covid19TrackerApplicationTests in 3.0 seconds (JVM running for 4.167)
]]></system-out>
  <system-err><![CDATA[]]></system-err>
</testsuite>
